<?xml version="1.0" encoding="UTF-8"?>
<!-- Generated by org.testng.reporters.JUnitReportReporter -->
<testsuite hostname="DESKTOP-UNBB1HB" failures="0" tests="1" name="Maven.mvn_project.Parameters1" time="1.143" errors="0" timestamp="2022-06-22T13:57:48 IST" skipped="0">
  <testcase classname="Maven.mvn_project.Parameters1" name="f3" time="1.143"/>
  <system-out/>
</testsuite> <!-- Maven.mvn_project.Parameters1 -->
