<?xml version="1.0" encoding="UTF-8"?>
<!-- Generated by org.testng.reporters.JUnitReportReporter -->
<testsuite hostname="DESKTOP-UNBB1HB" failures="0" tests="3" name="Maven.mvn_project.class1" time="0.030" errors="0" timestamp="2022-06-21T11:17:47 IST" skipped="0">
  <testcase classname="Maven.mvn_project.class1" name="c" time="0.014"/>
  <system-out/>
  <testcase classname="Maven.mvn_project.class1" name="a" time="0.009"/>
  <system-out/>
  <testcase classname="Maven.mvn_project.class1" name="b" time="0.007"/>
  <system-out/>
</testsuite> <!-- Maven.mvn_project.class1 -->
