<?xml version="1.0" encoding="UTF-8"?>
<!-- Generated by org.testng.reporters.JUnitReportReporter -->
<testsuite hostname="DESKTOP-UNBB1HB" failures="0" tests="1" name="Maven.mvn_project.facebook" time="0.251" errors="0" timestamp="2022-06-23T15:28:36 IST" skipped="0">
  <testcase classname="Maven.mvn_project.facebook" name="f2" time="0.251"/>
  <system-out/>
</testsuite> <!-- Maven.mvn_project.facebook -->
