<?xml version="1.0" encoding="UTF-8"?>
<!-- Generated by org.testng.reporters.JUnitReportReporter -->
<testsuite hostname="DESKTOP-UNBB1HB" failures="0" tests="1" name="NewTest7" time="0.019" errors="0" timestamp="2022-06-21T10:52:56 IST" skipped="0">
  <testcase classname="NewTest7" name="f" time="0.019"/>
  <system-out/>
</testsuite> <!-- NewTest7 -->
