<?xml version="1.0" encoding="UTF-8"?>
<!-- Generated by org.testng.reporters.JUnitReportReporter -->
<testsuite hostname="DESKTOP-UNBB1HB" failures="0" tests="3" name="Maven.mvn_project.class1_annotations" time="0.030" errors="0" timestamp="2022-06-22T09:54:21 IST" skipped="1">
  <testcase classname="Maven.mvn_project.class1_annotations" name="c" time="0.020"/>
  <system-out/>
  <testcase classname="Maven.mvn_project.class1_annotations" name="a" time="0.010"/>
  <system-out/>
  <testcase classname="Maven.mvn_project.class1_annotations" name="b">
    <skipped/>
  </testcase> <!-- b -->
  <system-out/>
</testsuite> <!-- Maven.mvn_project.class1_annotations -->
