<?xml version="1.0" encoding="UTF-8"?>
<!-- Generated by org.testng.reporters.JUnitReportReporter -->
<testsuite hostname="DESKTOP-UNBB1HB" failures="0" tests="2" name="Maven.mvn_project.Unit_testing" time="0.022" errors="0" timestamp="2022-06-22T14:00:17 IST" skipped="0">
  <testcase classname="Maven.mvn_project.Unit_testing" name="f3" time="0.020"/>
  <system-out/>
  <testcase classname="Maven.mvn_project.Unit_testing" name="f4" time="0.002"/>
  <system-out/>
</testsuite> <!-- Maven.mvn_project.Unit_testing -->
