<?xml version="1.0" encoding="UTF-8"?>
<!-- Generated by org.testng.reporters.JUnitReportReporter -->
<testsuite hostname="DESKTOP-UNBB1HB" failures="0" tests="3" name="Maven.mvn_project.Test_Ng2" time="0.005" errors="0" timestamp="2022-06-22T09:54:21 IST" skipped="0">
  <testcase classname="Maven.mvn_project.Test_Ng2" name="c" time="0.002"/>
  <system-out/>
  <testcase classname="Maven.mvn_project.Test_Ng2" name="a" time="0.002"/>
  <system-out/>
  <testcase classname="Maven.mvn_project.Test_Ng2" name="b" time="0.001"/>
  <system-out/>
</testsuite> <!-- Maven.mvn_project.Test_Ng2 -->
