<?xml version="1.0" encoding="UTF-8"?>
<!-- Generated by org.testng.reporters.JUnitReportReporter -->
<testsuite hostname="DESKTOP-UNBB1HB" failures="0" tests="1" name="Maven.mvn_project.Test_NG1" time="44.902" errors="0" timestamp="2022-06-22T09:54:21 IST" skipped="0">
  <testcase classname="Maven.mvn_project.Test_NG1" name="F1" time="44.902"/>
  <system-out/>
</testsuite> <!-- Maven.mvn_project.Test_NG1 -->
